
> wormholeracersjs@0.1.0 dev
> vite


  VITE v7.3.0  ready in 870 ms

  ➜  Local:   http://localhost:5173/
  ➜  Network: use --host to expose
[vite-plugin-static-copy] Collected 3 items.
(!) Failed to run dependency scan. Skipping dependency pre-bundling. Error:   Failed to scan for dependencies from entries:
  /app/WormholeRacers.html
/app/galaxy.html
/app/galaxy2.html
/app/galaxy3.html
/app/galaxy4.html
/app/galaxy5.html
/app/galaxy6.html
/app/galaxy7.html
/app/galaxy8.html
/app/helloworld.html
/app/index.html
/app/js/ui/debug_limbs.html
/app/plugins/t13ne/index.html
/app/plugins/t13ne/proficiency-manager.html
/app/plugins/t13ne/t13ne-control-panel.html
/app/t13ne/includes/partials/archetypes text.html
/app/t13ne/includes/templates/card.html
/app/plugins/t13ne/modules/examples/proficiency-manager.html

  [31m✘ [41;31m[[41;97mERROR[41;31m][0m [1mCannot assign to "fitDist" because it is a constant[0m

    js/scenes/OrreryScene.js:130:28:
[37m      130 │         if (isNaN(fitDist)) [32mfitDist[37m = 500;
          ╵                             [32m~~~~~~~[0m

  The symbol "fitDist" was declared a constant here:

    js/scenes/OrreryScene.js:127:14:
[37m      127 │         const [32mfitDist[37m = Math.max(distV, distH, 300); // Ensure mi...
          ╵               [32m~~~~~~~[0m


[31m✘ [41;31m[[41;97mERROR[41;31m][0m [1mThe symbol "Facets" has already been declared[0m

    plugins/t13ne/modules/workbench/t13ne-threads-UI.js:127:14:
[37m      127 │         const [32mFacets[37m = T13NE.getModule('Facets');
          ╵               [32m~~~~~~[0m

  The symbol "Facets" was originally declared here:

    plugins/t13ne/modules/workbench/t13ne-threads-UI.js:41:14:
[37m      41 │         const [32mFacets[37m = T13NE.getModule('Facets');
         ╵               [32m~~~~~~[0m


    at failureErrorWithLog (/app/node_modules/esbuild/lib/main.js:1467:15)
    at /app/node_modules/esbuild/lib/main.js:926:25
    at runOnEndCallbacks (/app/node_modules/esbuild/lib/main.js:1307:45)
    at buildResponseToResult (/app/node_modules/esbuild/lib/main.js:924:7)
    at /app/node_modules/esbuild/lib/main.js:936:9
    at new Promise (<anonymous>)
    at requestCallbacks.on-end (/app/node_modules/esbuild/lib/main.js:935:54)
    at handleRequest (/app/node_modules/esbuild/lib/main.js:628:17)
    at handleIncomingPacket (/app/node_modules/esbuild/lib/main.js:653:7)
    at Socket.readFromStdout (/app/node_modules/esbuild/lib/main.js:581:7)
