
> wormholeracersjs@0.1.0 dev
> vite


  VITE v7.3.0  ready in 305 ms

  ➜  Local:   http://localhost:5173/
  ➜  Network: use --host to expose
[vite-plugin-static-copy] Collected 3 items.
1:36:15 AM [vite] (client) Pre-transform error: Failed to resolve import "./t13ne-geometry-UI.js" from "plugins/t13ne/modules/workbench/t13ne-narrative-UI.js". Does the file exist?
  Plugin: vite:import-analysis
  File: /app/plugins/t13ne/modules/workbench/t13ne-narrative-UI.js:4:24
  2  |  import UI from './t13ne-UI.js';
  3  |  import CharacterUI from './t13ne-chars-UI.js';
  4  |  import GeometryUI from './t13ne-geometry-UI.js';
     |                          ^
  5  |
  6  |  /**
1:36:15 AM [vite] (client) Pre-transform error: Failed to resolve import "./t13ne-geometry-UI.js" from "plugins/t13ne/modules/workbench/t13ne-narrative-UI.js". Does the file exist?
  Plugin: vite:import-analysis
  File: /app/plugins/t13ne/modules/workbench/t13ne-narrative-UI.js:4:24
  2  |  import UI from './t13ne-UI.js';
  3  |  import CharacterUI from './t13ne-chars-UI.js';
  4  |  import GeometryUI from './t13ne-geometry-UI.js';
     |                          ^
  5  |
  6  |  /**
1:36:16 AM [vite] Internal server error: Failed to resolve import "./t13ne-geometry-UI.js" from "plugins/t13ne/modules/workbench/t13ne-narrative-UI.js". Does the file exist?
  Plugin: vite:import-analysis
  File: /app/plugins/t13ne/modules/workbench/t13ne-narrative-UI.js:4:24
  2  |  import UI from './t13ne-UI.js';
  3  |  import CharacterUI from './t13ne-chars-UI.js';
  4  |  import GeometryUI from './t13ne-geometry-UI.js';
     |                          ^
  5  |
  6  |  /**
      at TransformPluginContext._formatLog (file:///app/node_modules/vite/dist/node/chunks/config.js:28998:43)
      at TransformPluginContext.error (file:///app/node_modules/vite/dist/node/chunks/config.js:28995:14)
      at normalizeUrl (file:///app/node_modules/vite/dist/node/chunks/config.js:27118:18)
      at async file:///app/node_modules/vite/dist/node/chunks/config.js:27176:32
      at async Promise.all (index 3)
      at async TransformPluginContext.transform (file:///app/node_modules/vite/dist/node/chunks/config.js:27144:4)
      at async EnvironmentPluginContainer.transform (file:///app/node_modules/vite/dist/node/chunks/config.js:28796:14)
      at async loadAndTransform (file:///app/node_modules/vite/dist/node/chunks/config.js:22669:26)
      at async viteTransformMiddleware (file:///app/node_modules/vite/dist/node/chunks/config.js:24541:20)
1:36:17 AM [vite] (client) ✨ new dependencies optimized: three
1:36:17 AM [vite] (client) ✨ new dependencies optimized: three/examples/jsm/controls/OrbitControls.js, three/examples/jsm/controls/TrackballControls.js, three/examples/jsm/loaders/OBJLoader.js, three/examples/jsm/loaders/TDSLoader.js, three/examples/jsm/loaders/PLYLoader.js, lindenmayer, simplex-noise, three/examples/jsm/objects/MarchingCubes.js, three-csg-ts, enable3d
1:36:17 AM [vite] (client) ✨ optimized dependencies changed. reloading
1:36:17 AM [vite] (client) Pre-transform error: Failed to resolve import "./t13ne-geometry-UI.js" from "plugins/t13ne/modules/workbench/t13ne-narrative-UI.js". Does the file exist?
  Plugin: vite:import-analysis
  File: /app/plugins/t13ne/modules/workbench/t13ne-narrative-UI.js:4:24
  2  |  import UI from './t13ne-UI.js';
  3  |  import CharacterUI from './t13ne-chars-UI.js';
  4  |  import GeometryUI from './t13ne-geometry-UI.js';
     |                          ^
  5  |
  6  |  /**
1:36:17 AM [vite] Internal server error: Failed to resolve import "./t13ne-geometry-UI.js" from "plugins/t13ne/modules/workbench/t13ne-narrative-UI.js". Does the file exist?
  Plugin: vite:import-analysis
  File: /app/plugins/t13ne/modules/workbench/t13ne-narrative-UI.js:4:24
  2  |  import UI from './t13ne-UI.js';
  3  |  import CharacterUI from './t13ne-chars-UI.js';
  4  |  import GeometryUI from './t13ne-geometry-UI.js';
     |                          ^
  5  |
  6  |  /**
      at TransformPluginContext._formatLog (file:///app/node_modules/vite/dist/node/chunks/config.js:28998:43)
      at TransformPluginContext.error (file:///app/node_modules/vite/dist/node/chunks/config.js:28995:14)
      at normalizeUrl (file:///app/node_modules/vite/dist/node/chunks/config.js:27118:18)
      at async file:///app/node_modules/vite/dist/node/chunks/config.js:27176:32
      at async Promise.all (index 3)
      at async TransformPluginContext.transform (file:///app/node_modules/vite/dist/node/chunks/config.js:27144:4)
      at async EnvironmentPluginContainer.transform (file:///app/node_modules/vite/dist/node/chunks/config.js:28796:14)
      at async loadAndTransform (file:///app/node_modules/vite/dist/node/chunks/config.js:22669:26)
1:36:17 AM [vite] (client) Pre-transform error: Failed to resolve import "./t13ne-geometry-UI.js" from "plugins/t13ne/modules/workbench/t13ne-narrative-UI.js". Does the file exist?
  Plugin: vite:import-analysis
  File: /app/plugins/t13ne/modules/workbench/t13ne-narrative-UI.js:4:24
  2  |  import UI from './t13ne-UI.js';
  3  |  import CharacterUI from './t13ne-chars-UI.js';
  4  |  import GeometryUI from './t13ne-geometry-UI.js';
     |                          ^
  5  |
  6  |  /**
1:37:04 AM [vite] Internal server error: Failed to resolve import "./t13ne-geometry-UI.js" from "plugins/t13ne/modules/workbench/t13ne-narrative-UI.js". Does the file exist?
  Plugin: vite:import-analysis
  File: /app/plugins/t13ne/modules/workbench/t13ne-narrative-UI.js:4:24
  2  |  import UI from './t13ne-UI.js';
  3  |  import CharacterUI from './t13ne-chars-UI.js';
  4  |  import GeometryUI from './t13ne-geometry-UI.js';
     |                          ^
  5  |
  6  |  /**
      at TransformPluginContext._formatLog (file:///app/node_modules/vite/dist/node/chunks/config.js:28998:43)
      at TransformPluginContext.error (file:///app/node_modules/vite/dist/node/chunks/config.js:28995:14)
      at normalizeUrl (file:///app/node_modules/vite/dist/node/chunks/config.js:27118:18)
      at async file:///app/node_modules/vite/dist/node/chunks/config.js:27176:32
      at async Promise.all (index 3)
      at async TransformPluginContext.transform (file:///app/node_modules/vite/dist/node/chunks/config.js:27144:4)
      at async EnvironmentPluginContainer.transform (file:///app/node_modules/vite/dist/node/chunks/config.js:28796:14)
      at async loadAndTransform (file:///app/node_modules/vite/dist/node/chunks/config.js:22669:26)
      at async viteTransformMiddleware (file:///app/node_modules/vite/dist/node/chunks/config.js:24541:20)
1:37:45 AM [vite] (client) page reload verify_uhpp_debug.py
1:37:49 AM [vite] (client) Pre-transform error: Failed to resolve import "./t13ne-geometry-UI.js" from "plugins/t13ne/modules/workbench/t13ne-narrative-UI.js". Does the file exist?
  Plugin: vite:import-analysis
  File: /app/plugins/t13ne/modules/workbench/t13ne-narrative-UI.js:4:24
  2  |  import UI from './t13ne-UI.js';
  3  |  import CharacterUI from './t13ne-chars-UI.js';
  4  |  import GeometryUI from './t13ne-geometry-UI.js';
     |                          ^
  5  |
  6  |  /**
1:37:49 AM [vite] (client) Pre-transform error: Failed to resolve import "./t13ne-geometry-UI.js" from "plugins/t13ne/modules/workbench/t13ne-narrative-UI.js". Does the file exist?
  Plugin: vite:import-analysis
  File: /app/plugins/t13ne/modules/workbench/t13ne-narrative-UI.js:4:24
  2  |  import UI from './t13ne-UI.js';
  3  |  import CharacterUI from './t13ne-chars-UI.js';
  4  |  import GeometryUI from './t13ne-geometry-UI.js';
     |                          ^
  5  |
  6  |  /**
1:37:49 AM [vite] Internal server error: Failed to resolve import "./t13ne-geometry-UI.js" from "plugins/t13ne/modules/workbench/t13ne-narrative-UI.js". Does the file exist?
  Plugin: vite:import-analysis
  File: /app/plugins/t13ne/modules/workbench/t13ne-narrative-UI.js:4:24
  2  |  import UI from './t13ne-UI.js';
  3  |  import CharacterUI from './t13ne-chars-UI.js';
  4  |  import GeometryUI from './t13ne-geometry-UI.js';
     |                          ^
  5  |
  6  |  /**
      at TransformPluginContext._formatLog (file:///app/node_modules/vite/dist/node/chunks/config.js:28998:43)
      at TransformPluginContext.error (file:///app/node_modules/vite/dist/node/chunks/config.js:28995:14)
      at normalizeUrl (file:///app/node_modules/vite/dist/node/chunks/config.js:27118:18)
      at async file:///app/node_modules/vite/dist/node/chunks/config.js:27176:32
      at async Promise.all (index 3)
      at async TransformPluginContext.transform (file:///app/node_modules/vite/dist/node/chunks/config.js:27144:4)
      at async EnvironmentPluginContainer.transform (file:///app/node_modules/vite/dist/node/chunks/config.js:28796:14)
      at async loadAndTransform (file:///app/node_modules/vite/dist/node/chunks/config.js:22669:26)
      at async viteTransformMiddleware (file:///app/node_modules/vite/dist/node/chunks/config.js:24541:20)
1:38:21 AM [vite] (client) page reload plugins/t13ne/modules/workbench/t13ne-narrative-UI.js
1:40:36 AM [vite] (client) page reload plugins/t13ne/modules/t13ne-knots.js
1:41:59 AM [vite] (client) page reload plugins/t13ne/modules/workbench/t13ne-narrative-UI.js
